This is TeX, Version 3.141592 (Web2C 7.5.6) (format=tex 2008.10.8)  27 OCT 2009 09:46
**libpari
(./libpari.tex (./parimacro.tex
\std=\read0
 (./paricfg.tex)
\toc=\write0
\out=\write1
\aux=\write2
\index=\write3

SECOND PASS
(./libpari.aux)) [1
\openout2 = `libpari.aux'.

\appno=\count8
\chapno=\count8
\secno=\count8
\subsecno=\count8
\subsubsecno=\count8
\euffam=\fam8
] [2] (./libpari.toc [3] [4]) [5
\openout0 = `libpari.toc'.

] (./usersch4.tex [6]
[7] [8] [9] [10] [11] [12] [13] [14] [15] [16] [17] [18] [19] [20] [21]
[22] [23
Reference `se:whatzero' on page 23 undefined on input line 1196
Reference `se:whatzero' on page 23 undefined on input line 1196
] [24
Reference `se:compquad' on page 24 undefined on input line 1266
Reference `se:priority' on page 24 undefined on input line 1266
Reference `se:priority' on page 24 undefined on input line 1266
Reference `se:priority' on page 24 undefined on input line 1266
] [25] [26
Reference `se:priority' on page 26 undefined on input line 1410
Reference `se:rempolmod' on page 26 undefined on input line 1410
Reference `se:priority' on page 26 undefined on input line 1410
] [27] [28] [29
Reference `se:output' on page 29 undefined on input line 1618
Reference `se:format' on page 29 undefined on input line 1618
] [30] [31
Reference `se:defaults' on page 31 undefined on input line 1759
Reference `se:install' on page 31 undefined on input line 1759
] [32] (../examples/extgcd.c) [33] [34] [35
Reference `se:strings' on page 35 undefined on input line 1983
] [36
Reference `se:addhelp' on page 36 undefined on input line 2055
Reference `se:install' on page 36 undefined on input line 2055
Reference `se:gprc' on page 36 undefined on input line 2055
] [37]) (./usersch5.tex [38] [39] [40] [41] [42] [43] [44] [45] [46] [47]
[48] [49] [50] [51] [52] [53] [54] [55] [56] [57] [58] [59] [60] [61] [62]
[63] [64] [65] [66] [67] [68] [69] [70] [71] [72] [73] [74] [75] [76] [77]
[78] [79] [80] [81] [82] [83]) (./appb.tex [84] (../examples/extgcd.c [85
Reference `se:install' on page 85 undefined on input line 32
]) [86]) (./appc.tex [87
Reference `se:euler' on page 87 undefined on input line 79
Reference `se:pi' on page 87 undefined on input line 79
] [88]) (./index.tex [89
\fullhsize=\dimen20
\leftcolumn=\box20
\dbox=\box20
\dfillskip=\skip20
\interskipa=\skip20
\interskipb=\skip20
] [90] [91] [92] [93] [94] [95] [96] [97] [98])
[99] )
Output written on libpari.dvi (99 pages, 495068 bytes).
