This is TeX, Version 3.141592 (Web2C 7.5.6) (format=tex 2008.10.8)  27 OCT 2009 09:46
**users
(./users.tex (./parimacro.tex
\std=\read0
 (./paricfg.tex)
\toc=\write0
\out=\write1
\aux=\write2
\index=\write3

SECOND PASS
(./users.aux)) [1
\openout2 = `users.aux'.

\appno=\count8
\chapno=\count8
\secno=\count8
\subsecno=\count8
\subsubsecno=\count8
\euffam=\fam8
] [2] (./users.toc [3] [4] [5] [6] [7] [8] [9] [10] [11]
[12] [13] [14] [15] [16]) [17
\openout0 = `users.toc'.

] (./libpari.aux) (./usersch1.tex [18] [19]
[20] [21] [22] [23] [24] [25]) (./usersch2.tex [26] [27] [28] [29] [30]
[31] [32] [33] [34] [35] [36] [37] [38] [39] [40] [41] [42] [43] [44] [45]
[46] [47] [48] [49] [50] [51] [52] [53] [54] [55] [56] [57] [58] [59] [60]
[61] [62] [63] [64] [65] [66] [67]) (./usersch3.tex [68] [69] [70] [71]
[72] [73] [74] [75] [76] [77] [78] [79] [80] [81] [82] [83] [84] [85] [86]
[87] [88] [89] [90] [91] [92] [93] [94] [95] [96] [97] [98] [99] [100] [101]
[102] [103] [104] [105] [106] [107] [108] [109] [110] [111] [112] [113]
[114] [115] [116] [117] [118] [119] [120] [121] [122] [123] [124] [125]
[126] [127] [128] [129] [130] [131] [132] [133] [134] [135] [136] [137]
[138] [139] [140] [141] [142] [143] [144] [145] [146] [147] [148] [149]
[150] [151] [152] [153] [154] [155] [156] [157] [158] [159] [160] [161]
[162] [163] [164] [165] [166] [167] [168] [169] [170] [171] [172] [173]
[174] [175] [176] [177] [178] [179] [180] [181] [182] [183] [184] [185]
[186] [187] [188] [189] [190] [191] [192] [193] [194] [195] [196] [197]
[198] [199] [200] [201] [202] [203] [204] [205] [206] [207] [208] [209]
[210]) (./appa.tex [211] [212] [213] [214] [215] [216] [217] [218] [219])
(./index.tex [220
\fullhsize=\dimen20
\leftcolumn=\box20
\dbox=\box20
\dfillskip=\skip20
\interskipa=\skip20
\interskipb=\skip20
] [221] [222] [223] [224] [225] [226] [227] [228] [229]
[230] [231] [232] [233]) [234] )
Output written on users.dvi (234 pages, 1259972 bytes).
